<?xml version="1.0" encoding="UTF-8"?>
<!-- Generated by org.testng.reporters.JUnitReportReporter -->
<testsuite hostname="DESKTOP-FFQQAKU" failures="0" tests="4" name="simpleTest" time="4.273" errors="0" timestamp="2022-07-04T15:26:54 ICT" skipped="0">
  <testcase classname="simpleTest" name="Test02_getProject" time="0.886"/>
  <system-out/>
  <testcase classname="simpleTest" name="Test04_getAllProjects" time="0.638"/>
  <system-out/>
  <testcase classname="simpleTest" name="Test01_createProject" time="1.025"/>
  <system-out/>
  <testcase classname="simpleTest" name="Test03_updateProject" time="1.724"/>
  <system-out/>
</testsuite> <!-- simpleTest -->
