<?xml version="1.0" encoding="UTF-8"?>
<!-- Generated by org.testng.reporters.JUnitReportReporter -->
<testsuite hostname="DESKTOP-FFQQAKU" failures="0" tests="4" name="simpleTest" time="11.491" errors="0" timestamp="2022-07-04T16:59:34 ICT" skipped="0">
  <testcase classname="simpleTest" name="Test02_getProject" time="0.670"/>
  <system-out/>
  <testcase classname="simpleTest" name="Test04_getAllProjects" time="0.539"/>
  <system-out/>
  <testcase classname="simpleTest" name="Test01_createProject" time="8.439"/>
  <system-out/>
  <testcase classname="simpleTest" name="Test03_updateProject" time="1.843"/>
  <system-out/>
</testsuite> <!-- simpleTest -->
